<?xml version="1.0" encoding="UTF-8"?>
<!-- Generated by org.testng.reporters.JUnitReportReporter -->
<testsuite hostname="NW-QA-MacMini-PC.local" failures="0" tests="17" name="com.myscaniostestscripts.MyScanTest" time="2609.890" errors="0" timestamp="2023-10-23T14:39:48 IST" skipped="0">
  <testcase classname="com.myscaniostestscripts.MyScanTest" name="bypassBarcode" time="55.290"/>
  <system-out/>
  <testcase classname="com.myscaniostestscripts.MyScanTest" name="myScanLaunch" time="178.072"/>
  <system-out/>
  <testcase classname="com.myscaniostestscripts.MyScanTest" name="questionA" time="392.943"/>
  <system-out/>
  <testcase classname="com.myscaniostestscripts.MyScanTest" name="questionB" time="404.152"/>
  <system-out/>
  <testcase classname="com.myscaniostestscripts.MyScanTest" name="questionC" time="317.700"/>
  <system-out/>
  <testcase classname="com.myscaniostestscripts.MyScanTest" name="questionD" time="275.640"/>
  <system-out/>
  <testcase classname="com.myscaniostestscripts.MyScanTest" name="questionE" time="44.978"/>
  <system-out/>
  <testcase classname="com.myscaniostestscripts.MyScanTest" name="questionF" time="14.706"/>
  <system-out/>
  <testcase classname="com.myscaniostestscripts.MyScanTest" name="questionG" time="92.180"/>
  <system-out/>
  <testcase classname="com.myscaniostestscripts.MyScanTest" name="questionH" time="110.571"/>
  <system-out/>
  <testcase classname="com.myscaniostestscripts.MyScanTest" name="questionI" time="103.318"/>
  <system-out/>
  <testcase classname="com.myscaniostestscripts.MyScanTest" name="questionJ" time="70.061"/>
  <system-out/>
  <testcase classname="com.myscaniostestscripts.MyScanTest" name="questionK" time="138.381"/>
  <system-out/>
  <testcase classname="com.myscaniostestscripts.MyScanTest" name="questionL" time="46.318"/>
  <system-out/>
  <testcase classname="com.myscaniostestscripts.MyScanTest" name="questionM" time="29.039"/>
  <system-out/>
  <testcase classname="com.myscaniostestscripts.MyScanTest" name="questionP" time="97.092"/>
  <system-out/>
  <testcase classname="com.myscaniostestscripts.MyScanTest" name="questionQ" time="239.449"/>
  <system-out/>
</testsuite> <!-- com.myscaniostestscripts.MyScanTest -->
