<?xml version="1.0" encoding="UTF-8"?>
<!-- Generated by org.testng.reporters.JUnitReportReporter -->
<testsuite hostname="NW-Gagandeep-LPT" failures="0" tests="3" name="com.baitcheckerios.testscripts.LoginTest" time="104.668" errors="0" timestamp="2023-11-15T14:57:01 IST" skipped="0">
  <testcase classname="com.baitcheckerios.testscripts.LoginTest" name="TestLogin" time="34.570"/>
  <system-out/>
  <testcase classname="com.baitcheckerios.testscripts.LoginTest" name="TestCreateCustomer" time="53.803"/>
  <system-out/>
  <testcase classname="com.baitcheckerios.testscripts.LoginTest" name="TestLogout" time="16.295"/>
  <system-out/>
</testsuite> <!-- com.baitcheckerios.testscripts.LoginTest -->
